<?xml version="1.0" encoding="UTF-8"?>
<!-- Generated by org.testng.reporters.JUnitReportReporter -->
<testsuite skipped="0" hostname="L074226" name="login.TC0001_loginwithInavlidCredentials" tests="1" failures="0" timestamp="18 Jul 2017 21:07:01 GMT" time="1.786" errors="0">
  <testcase name="verifyLoginWithInvalidCredentials" time="1.786" classname="login.TC0001_loginwithInavlidCredentials"/>
</testsuite> <!-- login.TC0001_loginwithInavlidCredentials -->
