<?xml version="1.0" encoding="UTF-8"?>
<!-- Generated by org.testng.reporters.JUnitReportReporter -->
<testsuite skipped="0" hostname="L074226" name="sample.Firefox_Test" tests="1" failures="0" timestamp="07 Jul 2017 02:36:34 GMT" time="15.278" errors="0">
  <testcase name="f" time="15.278" classname="sample.Firefox_Test"/>
</testsuite> <!-- sample.Firefox_Test -->
