<?xml version="1.0" encoding="UTF-8"?>
<!-- Generated by org.testng.reporters.JUnitReportReporter -->
<testsuite skipped="0" hostname="L074226" name="login.TC0002_loginwithvalidcredentials" tests="1" failures="0" timestamp="14 Jul 2017 19:26:47 GMT" time="8.884" errors="0">
  <testcase name="verifyLoginWithValidCredentials" time="8.884" classname="login.TC0002_loginwithvalidcredentials"/>
</testsuite> <!-- login.TC0002_loginwithvalidcredentials -->
