<?xml version="1.0" encoding="UTF-8"?>
<!-- Generated by org.testng.reporters.JUnitReportReporter -->
<testsuite skipped="0" hostname="L074226" name="login.TC0003_verifyalllinksonloginpage" tests="1" failures="0" timestamp="14 Jul 2017 19:26:47 GMT" time="29.447" errors="0">
  <testcase name="verifyalllinksonloginpage" time="29.447" classname="login.TC0003_verifyalllinksonloginpage"/>
</testsuite> <!-- login.TC0003_verifyalllinksonloginpage -->
