<?xml version="1.0" encoding="UTF-8"?>
<!-- Generated by org.testng.reporters.JUnitReportReporter -->
<testsuite skipped="0" hostname="L074226" name="login.TC0001_loginwithInavlidCredentials" tests="1" failures="0" timestamp="14 Jul 2017 19:26:47 GMT" time="5.629" errors="0">
  <testcase name="verifyLoginWithInvalidCredentials" time="5.629" classname="login.TC0001_loginwithInavlidCredentials"/>
</testsuite> <!-- login.TC0001_loginwithInavlidCredentials -->
